# JRE version: OpenJDK Runtime Environment (8.0_152-b01) (build 1.8.0_152-release-915-b01)
# Java VM: OpenJDK 64-Bit Server VM (25.152-b01 mixed mode windows-amd64 compressed oops)
Heap:
 PSYoungGen      total 370688K, used 203645K [0x00000000e0000000, 0x00000000fa080000, 0x0000000100000000)
  eden space 330240K, 60% used [0x00000000e0000000,0x00000000ec1b1950,0x00000000f4280000)
  from space 40448K, 13% used [0x00000000f7900000,0x00000000f7e2dbd0,0x00000000fa080000)
  to   space 48128K, 0% used [0x00000000f4280000,0x00000000f4280000,0x00000000f7180000)
 ParOldGen       total 176640K, used 92569K [0x00000000a0000000, 0x00000000aac80000, 0x00000000e0000000)
  object space 176640K, 52% used [0x00000000a0000000,0x00000000a5a66560,0x00000000aac80000)
 Metaspace       used 83754K, capacity 88428K, committed 89472K, reserved 1126400K
  class space    used 10753K, capacity 11835K, committed 12160K, reserved 1048576K
GC Heap History (10 events):
Event: 1890.867 GC heap before
{Heap before GC invocations=24 (full 3):
 PSYoungGen      total 242176K, used 242164K [0x00000000e0000000, 0x00000000f1880000, 0x0000000100000000)
  eden space 223744K, 100% used [0x00000000e0000000,0x00000000eda80000,0x00000000eda80000)
  from space 18432K, 99% used [0x00000000efe00000,0x00000000f0ffd198,0x00000000f1000000)
  to   space 31744K, 0% used [0x00000000eda80000,0x00000000eda80000,0x00000000ef980000)
 ParOldGen       total 105984K, used 79242K [0x00000000a0000000, 0x00000000a6780000, 0x00000000e0000000)
  object space 105984K, 74% used [0x00000000a0000000,0x00000000a4d62b88,0x00000000a6780000)
 Metaspace       used 82801K, capacity 87812K, committed 88064K, reserved 1126400K
  class space    used 10785K, capacity 11963K, committed 12032K, reserved 1048576K
Event: 1891.082 GC heap after
Heap after GC invocations=24 (full 3):
 PSYoungGen      total 255488K, used 31722K [0x00000000e0000000, 0x00000000f6280000, 0x0000000100000000)
  eden space 223744K, 0% used [0x00000000e0000000,0x00000000e0000000,0x00000000eda80000)
  from space 31744K, 99% used [0x00000000eda80000,0x00000000ef97a8b8,0x00000000ef980000)
  to   space 51200K, 0% used [0x00000000f3080000,0x00000000f3080000,0x00000000f6280000)
 ParOldGen       total 119808K, used 119104K [0x00000000a0000000, 0x00000000a7500000, 0x00000000e0000000)
  object space 119808K, 99% used [0x00000000a0000000,0x00000000a7450240,0x00000000a7500000)
 Metaspace       used 82801K, capacity 87812K, committed 88064K, reserved 1126400K
  class space    used 10785K, capacity 11963K, committed 12032K, reserved 1048576K
}
Event: 1891.082 GC heap before
{Heap before GC invocations=25 (full 4):
 PSYoungGen      total 255488K, used 31722K [0x00000000e0000000, 0x00000000f6280000, 0x0000000100000000)
  eden space 223744K, 0% used [0x00000000e0000000,0x00000000e0000000,0x00000000eda80000)
  from space 31744K, 99% used [0x00000000eda80000,0x00000000ef97a8b8,0x00000000ef980000)
  to   space 51200K, 0% used [0x00000000f3080000,0x00000000f3080000,0x00000000f6280000)
 ParOldGen       total 119808K, used 119104K [0x00000000a0000000, 0x00000000a7500000, 0x00000000e0000000)
  object space 119808K, 99% used [0x00000000a0000000,0x00000000a7450240,0x00000000a7500000)
 Metaspace       used 82801K, capacity 87812K, committed 88064K, reserved 1126400K
  class space    used 10785K, capacity 11963K, committed 12032K, reserved 1048576K
Event: 1892.083 GC heap after
Heap after GC invocations=25 (full 4):
 PSYoungGen      total 255488K, used 0K [0x00000000e0000000, 0x00000000f6280000, 0x0000000100000000)
  eden space 223744K, 0% used [0x00000000e0000000,0x00000000e0000000,0x00000000eda80000)
  from space 31744K, 0% used [0x00000000eda80000,0x00000000eda80000,0x00000000ef980000)
  to   space 51200K, 0% used [0x00000000f3080000,0x00000000f3080000,0x00000000f6280000)
 ParOldGen       total 176640K, used 89525K [0x00000000a0000000, 0x00000000aac80000, 0x00000000e0000000)
  object space 176640K, 50% used [0x00000000a0000000,0x00000000a576d480,0x00000000aac80000)
 Metaspace       used 81010K, capacity 84956K, committed 88064K, reserved 1126400K
  class space    used 10395K, capacity 11348K, committed 12032K, reserved 1048576K
}
Event: 1895.839 GC heap before
{Heap before GC invocations=26 (full 4):
 PSYoungGen      total 255488K, used 222896K [0x00000000e0000000, 0x00000000f6280000, 0x0000000100000000)
  eden space 223744K, 99% used [0x00000000e0000000,0x00000000ed9ac328,0x00000000eda80000)
  from space 31744K, 0% used [0x00000000eda80000,0x00000000eda80000,0x00000000ef980000)
  to   space 51200K, 0% used [0x00000000f3080000,0x00000000f3080000,0x00000000f6280000)
 ParOldGen       total 176640K, used 89525K [0x00000000a0000000, 0x00000000aac80000, 0x00000000e0000000)
  object space 176640K, 50% used [0x00000000a0000000,0x00000000a576d480,0x00000000aac80000)
 Metaspace       used 81882K, capacity 85934K, committed 88064K, reserved 1126400K
  class space    used 10528K, capacity 11501K, committed 12032K, reserved 1048576K
Event: 1895.861 GC heap after
Heap after GC invocations=26 (full 4):
 PSYoungGen      total 312320K, used 9640K [0x00000000e0000000, 0x00000000f6180000, 0x0000000100000000)
  eden space 262144K, 0% used [0x00000000e0000000,0x00000000e0000000,0x00000000f0000000)
  from space 50176K, 19% used [0x00000000f3080000,0x00000000f39ea090,0x00000000f6180000)
  to   space 49664K, 0% used [0x00000000f0000000,0x00000000f0000000,0x00000000f3080000)
 ParOldGen       total 176640K, used 89533K [0x00000000a0000000, 0x00000000aac80000, 0x00000000e0000000)
  object space 176640K, 50% used [0x00000000a0000000,0x00000000a576f480,0x00000000aac80000)
 Metaspace       used 81882K, capacity 85934K, committed 88064K, reserved 1126400K
  class space    used 10528K, capacity 11501K, committed 12032K, reserved 1048576K
}
Event: 1895.932 GC heap before
{Heap before GC invocations=27 (full 4):
 PSYoungGen      total 312320K, used 271637K [0x00000000e0000000, 0x00000000f6180000, 0x0000000100000000)
  eden space 262144K, 99% used [0x00000000e0000000,0x00000000effdb540,0x00000000f0000000)
  from space 50176K, 19% used [0x00000000f3080000,0x00000000f39ea090,0x00000000f6180000)
  to   space 49664K, 0% used [0x00000000f0000000,0x00000000f0000000,0x00000000f3080000)
 ParOldGen       total 176640K, used 89533K [0x00000000a0000000, 0x00000000aac80000, 0x00000000e0000000)
  object space 176640K, 50% used [0x00000000a0000000,0x00000000a576f480,0x00000000aac80000)
 Metaspace       used 81892K, capacity 85934K, committed 88064K, reserved 1126400K
  class space    used 10528K, capacity 11501K, committed 12032K, reserved 1048576K
Event: 1895.942 GC heap after
Heap after GC invocations=27 (full 4):
 PSYoungGen      total 311808K, used 4507K [0x00000000e0000000, 0x00000000fa900000, 0x0000000100000000)
  eden space 262144K, 0% used [0x00000000e0000000,0x00000000e0000000,0x00000000f0000000)
  from space 49664K, 9% used [0x00000000f0000000,0x00000000f0466d70,0x00000000f3080000)
  to   space 49152K, 0% used [0x00000000f7900000,0x00000000f7900000,0x00000000fa900000)
 ParOldGen       total 176640K, used 89533K [0x00000000a0000000, 0x00000000aac80000, 0x00000000e0000000)
  object space 176640K, 50% used [0x00000000a0000000,0x00000000a576f480,0x00000000aac80000)
 Metaspace       used 81892K, capacity 85934K, committed 88064K, reserved 1126400K
  class space    used 10528K, capacity 11501K, committed 12032K, reserved 1048576K
}
Event: 1941.026 GC heap before
{Heap before GC invocations=28 (full 4):
 PSYoungGen      total 311808K, used 266651K [0x00000000e0000000, 0x00000000fa900000, 0x0000000100000000)
  eden space 262144K, 100% used [0x00000000e0000000,0x00000000f0000000,0x00000000f0000000)
  from space 49664K, 9% used [0x00000000f0000000,0x00000000f0466d70,0x00000000f3080000)
  to   space 49152K, 0% used [0x00000000f7900000,0x00000000f7900000,0x00000000fa900000)
 ParOldGen       total 176640K, used 89533K [0x00000000a0000000, 0x00000000aac80000, 0x00000000e0000000)
  object space 176640K, 50% used [0x00000000a0000000,0x00000000a576f480,0x00000000aac80000)
 Metaspace       used 82641K, capacity 87190K, committed 88576K, reserved 1126400K
  class space    used 10648K, capacity 11715K, committed 12032K, reserved 1048576K
Event: 1941.054 GC heap after
Heap after GC invocations=28 (full 4):
 PSYoungGen      total 370688K, used 5302K [0x00000000e0000000, 0x00000000fa080000, 0x0000000100000000)
  eden space 330240K, 0% used [0x00000000e0000000,0x00000000e0000000,0x00000000f4280000)
  from space 40448K, 13% used [0x00000000f7900000,0x00000000f7e2dbd0,0x00000000fa080000)
  to   space 48128K, 0% used [0x00000000f4280000,0x00000000f4280000,0x00000000f7180000)
 ParOldGen       total 176640K, used 92569K [0x00000000a0000000, 0x00000000aac80000, 0x00000000e0000000)
  object space 176640K, 52% used [0x00000000a0000000,0x00000000a5a66560,0x00000000aac80000)
 Metaspace       used 82641K, capacity 87190K, committed 88576K, reserved 1126400K
  class space    used 10648K, capacity 11715K, committed 12032K, reserved 1048576K
}

