# JRE version: OpenJDK Runtime Environment (8.0_152-b01) (build 1.8.0_152-release-915-b01)
# Java VM: OpenJDK 64-Bit Server VM (25.152-b01 mixed mode windows-amd64 compressed oops)
Heap:
 PSYoungGen      total 46080K, used 23938K [0x00000000e0000000, 0x00000000e3380000, 0x0000000100000000)
  eden space 41472K, 47% used [0x00000000e0000000,0x00000000e134f9a8,0x00000000e2880000)
  from space 4608K, 90% used [0x00000000e2980000,0x00000000e2d90f48,0x00000000e2e00000)
  to   space 5632K, 0% used [0x00000000e2e00000,0x00000000e2e00000,0x00000000e3380000)
 ParOldGen       total 52224K, used 16215K [0x00000000a0000000, 0x00000000a3300000, 0x00000000e0000000)
  object space 52224K, 31% used [0x00000000a0000000,0x00000000a0fd5de8,0x00000000a3300000)
 Metaspace       used 39829K, capacity 40604K, committed 40792K, reserved 1085440K
  class space    used 5339K, capacity 5651K, committed 5760K, reserved 1048576K
GC Heap History (10 events):
Event: 34.515 GC heap before
{Heap before GC invocations=17 (full 1):
 PSYoungGen      total 31232K, used 29207K [0x00000000e0000000, 0x00000000e2d80000, 0x0000000100000000)
  eden space 26112K, 100% used [0x00000000e0000000,0x00000000e1980000,0x00000000e1980000)
  from space 5120K, 60% used [0x00000000e1980000,0x00000000e1c85f10,0x00000000e1e80000)
  to   space 5120K, 0% used [0x00000000e2880000,0x00000000e2880000,0x00000000e2d80000)
 ParOldGen       total 32256K, used 11888K [0x00000000a0000000, 0x00000000a1f80000, 0x00000000e0000000)
  object space 32256K, 36% used [0x00000000a0000000,0x00000000a0b9c0e0,0x00000000a1f80000)
 Metaspace       used 31315K, capacity 31914K, committed 32000K, reserved 1077248K
  class space    used 4320K, capacity 4580K, committed 4608K, reserved 1048576K
Event: 34.526 GC heap after
Heap after GC invocations=17 (full 1):
 PSYoungGen      total 40448K, used 1962K [0x00000000e0000000, 0x00000000e2d00000, 0x0000000100000000)
  eden space 35840K, 0% used [0x00000000e0000000,0x00000000e0000000,0x00000000e2300000)
  from space 4608K, 42% used [0x00000000e2880000,0x00000000e2a6abc8,0x00000000e2d00000)
  to   space 5120K, 0% used [0x00000000e2300000,0x00000000e2300000,0x00000000e2800000)
 ParOldGen       total 32256K, used 13776K [0x00000000a0000000, 0x00000000a1f80000, 0x00000000e0000000)
  object space 32256K, 42% used [0x00000000a0000000,0x00000000a0d740e0,0x00000000a1f80000)
 Metaspace       used 31315K, capacity 31914K, committed 32000K, reserved 1077248K
  class space    used 4320K, capacity 4580K, committed 4608K, reserved 1048576K
}
Event: 41.623 GC heap before
{Heap before GC invocations=18 (full 1):
 PSYoungGen      total 40448K, used 37802K [0x00000000e0000000, 0x00000000e2d00000, 0x0000000100000000)
  eden space 35840K, 100% used [0x00000000e0000000,0x00000000e2300000,0x00000000e2300000)
  from space 4608K, 42% used [0x00000000e2880000,0x00000000e2a6abc8,0x00000000e2d00000)
  to   space 5120K, 0% used [0x00000000e2300000,0x00000000e2300000,0x00000000e2800000)
 ParOldGen       total 32256K, used 13776K [0x00000000a0000000, 0x00000000a1f80000, 0x00000000e0000000)
  object space 32256K, 42% used [0x00000000a0000000,0x00000000a0d740e0,0x00000000a1f80000)
 Metaspace       used 31634K, capacity 32330K, committed 32640K, reserved 1077248K
  class space    used 4339K, capacity 4612K, committed 4736K, reserved 1048576K
Event: 41.631 GC heap after
Heap after GC invocations=18 (full 1):
 PSYoungGen      total 40960K, used 768K [0x00000000e0000000, 0x00000000e3480000, 0x0000000100000000)
  eden space 35840K, 0% used [0x00000000e0000000,0x00000000e0000000,0x00000000e2300000)
  from space 5120K, 15% used [0x00000000e2300000,0x00000000e23c0000,0x00000000e2800000)
  to   space 5120K, 0% used [0x00000000e2f80000,0x00000000e2f80000,0x00000000e3480000)
 ParOldGen       total 32256K, used 14508K [0x00000000a0000000, 0x00000000a1f80000, 0x00000000e0000000)
  object space 32256K, 44% used [0x00000000a0000000,0x00000000a0e2b130,0x00000000a1f80000)
 Metaspace       used 31634K, capacity 32330K, committed 32640K, reserved 1077248K
  class space    used 4339K, capacity 4612K, committed 4736K, reserved 1048576K
}
Event: 68.765 GC heap before
{Heap before GC invocations=19 (full 1):
 PSYoungGen      total 40960K, used 28052K [0x00000000e0000000, 0x00000000e3480000, 0x0000000100000000)
  eden space 35840K, 76% used [0x00000000e0000000,0x00000000e1aa5268,0x00000000e2300000)
  from space 5120K, 15% used [0x00000000e2300000,0x00000000e23c0000,0x00000000e2800000)
  to   space 5120K, 0% used [0x00000000e2f80000,0x00000000e2f80000,0x00000000e3480000)
 ParOldGen       total 32256K, used 14508K [0x00000000a0000000, 0x00000000a1f80000, 0x00000000e0000000)
  object space 32256K, 44% used [0x00000000a0000000,0x00000000a0e2b130,0x00000000a1f80000)
 Metaspace       used 34503K, capacity 35176K, committed 35416K, reserved 1079296K
  class space    used 4703K, capacity 4970K, committed 4992K, reserved 1048576K
Event: 68.775 GC heap after
Heap after GC invocations=19 (full 1):
 PSYoungGen      total 46592K, used 3602K [0x00000000e0000000, 0x00000000e3380000, 0x0000000100000000)
  eden space 42496K, 0% used [0x00000000e0000000,0x00000000e0000000,0x00000000e2980000)
  from space 4096K, 87% used [0x00000000e2f80000,0x00000000e3304a90,0x00000000e3380000)
  to   space 5120K, 0% used [0x00000000e2980000,0x00000000e2980000,0x00000000e2e80000)
 ParOldGen       total 32256K, used 15084K [0x00000000a0000000, 0x00000000a1f80000, 0x00000000e0000000)
  object space 32256K, 46% used [0x00000000a0000000,0x00000000a0ebb140,0x00000000a1f80000)
 Metaspace       used 34503K, capacity 35176K, committed 35416K, reserved 1079296K
  class space    used 4703K, capacity 4970K, committed 4992K, reserved 1048576K
}
Event: 68.775 GC heap before
{Heap before GC invocations=20 (full 2):
 PSYoungGen      total 46592K, used 3602K [0x00000000e0000000, 0x00000000e3380000, 0x0000000100000000)
  eden space 42496K, 0% used [0x00000000e0000000,0x00000000e0000000,0x00000000e2980000)
  from space 4096K, 87% used [0x00000000e2f80000,0x00000000e3304a90,0x00000000e3380000)
  to   space 5120K, 0% used [0x00000000e2980000,0x00000000e2980000,0x00000000e2e80000)
 ParOldGen       total 32256K, used 15084K [0x00000000a0000000, 0x00000000a1f80000, 0x00000000e0000000)
  object space 32256K, 46% used [0x00000000a0000000,0x00000000a0ebb140,0x00000000a1f80000)
 Metaspace       used 34503K, capacity 35176K, committed 35416K, reserved 1079296K
  class space    used 4703K, capacity 4970K, committed 4992K, reserved 1048576K
Event: 68.982 GC heap after
Heap after GC invocations=20 (full 2):
 PSYoungGen      total 46592K, used 0K [0x00000000e0000000, 0x00000000e3380000, 0x0000000100000000)
  eden space 42496K, 0% used [0x00000000e0000000,0x00000000e0000000,0x00000000e2980000)
  from space 4096K, 0% used [0x00000000e2f80000,0x00000000e2f80000,0x00000000e3380000)
  to   space 5120K, 0% used [0x00000000e2980000,0x00000000e2980000,0x00000000e2e80000)
 ParOldGen       total 52224K, used 16207K [0x00000000a0000000, 0x00000000a3300000, 0x00000000e0000000)
  object space 52224K, 31% used [0x00000000a0000000,0x00000000a0fd3de8,0x00000000a3300000)
 Metaspace       used 34503K, capacity 35176K, committed 35416K, reserved 1079296K
  class space    used 4703K, capacity 4970K, committed 4992K, reserved 1048576K
}
Event: 73.424 GC heap before
{Heap before GC invocations=21 (full 2):
 PSYoungGen      total 46592K, used 42496K [0x00000000e0000000, 0x00000000e3380000, 0x0000000100000000)
  eden space 42496K, 100% used [0x00000000e0000000,0x00000000e2980000,0x00000000e2980000)
  from space 4096K, 0% used [0x00000000e2f80000,0x00000000e2f80000,0x00000000e3380000)
  to   space 5120K, 0% used [0x00000000e2980000,0x00000000e2980000,0x00000000e2e80000)
 ParOldGen       total 52224K, used 16207K [0x00000000a0000000, 0x00000000a3300000, 0x00000000e0000000)
  object space 52224K, 31% used [0x00000000a0000000,0x00000000a0fd3de8,0x00000000a3300000)
 Metaspace       used 38575K, capacity 39324K, committed 39640K, reserved 1083392K
  class space    used 5200K, capacity 5523K, committed 5632K, reserved 1048576K
Event: 73.436 GC heap after
Heap after GC invocations=21 (full 2):
 PSYoungGen      total 46080K, used 4163K [0x00000000e0000000, 0x00000000e3380000, 0x0000000100000000)
  eden space 41472K, 0% used [0x00000000e0000000,0x00000000e0000000,0x00000000e2880000)
  from space 4608K, 90% used [0x00000000e2980000,0x00000000e2d90f48,0x00000000e2e00000)
  to   space 5632K, 0% used [0x00000000e2e00000,0x00000000e2e00000,0x00000000e3380000)
 ParOldGen       total 52224K, used 16215K [0x00000000a0000000, 0x00000000a3300000, 0x00000000e0000000)
  object space 52224K, 31% used [0x00000000a0000000,0x00000000a0fd5de8,0x00000000a3300000)
 Metaspace       used 38575K, capacity 39324K, committed 39640K, reserved 1083392K
  class space    used 5200K, capacity 5523K, committed 5632K, reserved 1048576K
}

