# JRE version: OpenJDK Runtime Environment (8.0_152-b01) (build 1.8.0_152-release-915-b01)
# Java VM: OpenJDK 64-Bit Server VM (25.152-b01 mixed mode windows-amd64 compressed oops)
Heap:
 PSYoungGen      total 175104K, used 132570K [0x00000000e0000000, 0x00000000ec700000, 0x0000000100000000)
  eden space 160256K, 78% used [0x00000000e0000000,0x00000000e7af8350,0x00000000e9c80000)
  from space 14848K, 44% used [0x00000000ea800000,0x00000000eae7e688,0x00000000eb680000)
  to   space 11776K, 0% used [0x00000000e9c80000,0x00000000e9c80000,0x00000000ea800000)
 ParOldGen       total 120832K, used 103295K [0x00000000a0000000, 0x00000000a7600000, 0x00000000e0000000)
  object space 120832K, 85% used [0x00000000a0000000,0x00000000a64dffa0,0x00000000a7600000)
 Metaspace       used 81573K, capacity 85106K, committed 87384K, reserved 1124352K
  class space    used 10222K, capacity 11149K, committed 11648K, reserved 1048576K
GC Heap History (10 events):
Event: 3525.306 GC heap before
{Heap before GC invocations=74 (full 4):
 PSYoungGen      total 171008K, used 158536K [0x00000000e0000000, 0x00000000eb680000, 0x0000000100000000)
  eden space 155136K, 100% used [0x00000000e0000000,0x00000000e9780000,0x00000000e9780000)
  from space 15872K, 21% used [0x00000000e9780000,0x00000000e9ad20b0,0x00000000ea700000)
  to   space 14848K, 0% used [0x00000000ea800000,0x00000000ea800000,0x00000000eb680000)
 ParOldGen       total 120832K, used 94344K [0x00000000a0000000, 0x00000000a7600000, 0x00000000e0000000)
  object space 120832K, 78% used [0x00000000a0000000,0x00000000a5c22048,0x00000000a7600000)
 Metaspace       used 80595K, capacity 84126K, committed 86872K, reserved 1124352K
  class space    used 10117K, capacity 11069K, committed 11648K, reserved 1048576K
Event: 3525.332 GC heap after
Heap after GC invocations=74 (full 4):
 PSYoungGen      total 169984K, used 3592K [0x00000000e0000000, 0x00000000eb680000, 0x0000000100000000)
  eden space 155136K, 0% used [0x00000000e0000000,0x00000000e0000000,0x00000000e9780000)
  from space 14848K, 24% used [0x00000000ea800000,0x00000000eab82090,0x00000000eb680000)
  to   space 15872K, 0% used [0x00000000e9780000,0x00000000e9780000,0x00000000ea700000)
 ParOldGen       total 120832K, used 96048K [0x00000000a0000000, 0x00000000a7600000, 0x00000000e0000000)
  object space 120832K, 79% used [0x00000000a0000000,0x00000000a5dcc0d8,0x00000000a7600000)
 Metaspace       used 80595K, capacity 84126K, committed 86872K, reserved 1124352K
  class space    used 10117K, capacity 11069K, committed 11648K, reserved 1048576K
}
Event: 3526.426 GC heap before
{Heap before GC invocations=75 (full 4):
 PSYoungGen      total 169984K, used 158728K [0x00000000e0000000, 0x00000000eb680000, 0x0000000100000000)
  eden space 155136K, 100% used [0x00000000e0000000,0x00000000e9780000,0x00000000e9780000)
  from space 14848K, 24% used [0x00000000ea800000,0x00000000eab82090,0x00000000eb680000)
  to   space 15872K, 0% used [0x00000000e9780000,0x00000000e9780000,0x00000000ea700000)
 ParOldGen       total 120832K, used 96048K [0x00000000a0000000, 0x00000000a7600000, 0x00000000e0000000)
  object space 120832K, 79% used [0x00000000a0000000,0x00000000a5dcc0d8,0x00000000a7600000)
 Metaspace       used 80598K, capacity 84126K, committed 86872K, reserved 1124352K
  class space    used 10118K, capacity 11069K, committed 11648K, reserved 1048576K
Event: 3526.456 GC heap after
Heap after GC invocations=75 (full 4):
 PSYoungGen      total 171008K, used 3736K [0x00000000e0000000, 0x00000000eb680000, 0x0000000100000000)
  eden space 155136K, 0% used [0x00000000e0000000,0x00000000e0000000,0x00000000e9780000)
  from space 15872K, 23% used [0x00000000e9780000,0x00000000e9b26060,0x00000000ea700000)
  to   space 14848K, 0% used [0x00000000ea800000,0x00000000ea800000,0x00000000eb680000)
 ParOldGen       total 120832K, used 97536K [0x00000000a0000000, 0x00000000a7600000, 0x00000000e0000000)
  object space 120832K, 80% used [0x00000000a0000000,0x00000000a5f400d8,0x00000000a7600000)
 Metaspace       used 80598K, capacity 84126K, committed 86872K, reserved 1124352K
  class space    used 10118K, capacity 11069K, committed 11648K, reserved 1048576K
}
Event: 3527.558 GC heap before
{Heap before GC invocations=76 (full 4):
 PSYoungGen      total 171008K, used 158872K [0x00000000e0000000, 0x00000000eb680000, 0x0000000100000000)
  eden space 155136K, 100% used [0x00000000e0000000,0x00000000e9780000,0x00000000e9780000)
  from space 15872K, 23% used [0x00000000e9780000,0x00000000e9b26060,0x00000000ea700000)
  to   space 14848K, 0% used [0x00000000ea800000,0x00000000ea800000,0x00000000eb680000)
 ParOldGen       total 120832K, used 97536K [0x00000000a0000000, 0x00000000a7600000, 0x00000000e0000000)
  object space 120832K, 80% used [0x00000000a0000000,0x00000000a5f400d8,0x00000000a7600000)
 Metaspace       used 80600K, capacity 84126K, committed 86872K, reserved 1124352K
  class space    used 10118K, capacity 11069K, committed 11648K, reserved 1048576K
Event: 3527.593 GC heap after
Heap after GC invocations=76 (full 4):
 PSYoungGen      total 169984K, used 5680K [0x00000000e0000000, 0x00000000eb680000, 0x0000000100000000)
  eden space 155136K, 0% used [0x00000000e0000000,0x00000000e0000000,0x00000000e9780000)
  from space 14848K, 38% used [0x00000000ea800000,0x00000000ead8c0d0,0x00000000eb680000)
  to   space 15872K, 0% used [0x00000000e9780000,0x00000000e9780000,0x00000000ea700000)
 ParOldGen       total 120832K, used 99416K [0x00000000a0000000, 0x00000000a7600000, 0x00000000e0000000)
  object space 120832K, 82% used [0x00000000a0000000,0x00000000a61160d8,0x00000000a7600000)
 Metaspace       used 80600K, capacity 84126K, committed 86872K, reserved 1124352K
  class space    used 10118K, capacity 11069K, committed 11648K, reserved 1048576K
}
Event: 3528.776 GC heap before
{Heap before GC invocations=77 (full 4):
 PSYoungGen      total 169984K, used 160816K [0x00000000e0000000, 0x00000000eb680000, 0x0000000100000000)
  eden space 155136K, 100% used [0x00000000e0000000,0x00000000e9780000,0x00000000e9780000)
  from space 14848K, 38% used [0x00000000ea800000,0x00000000ead8c0d0,0x00000000eb680000)
  to   space 15872K, 0% used [0x00000000e9780000,0x00000000e9780000,0x00000000ea700000)
 ParOldGen       total 120832K, used 99416K [0x00000000a0000000, 0x00000000a7600000, 0x00000000e0000000)
  object space 120832K, 82% used [0x00000000a0000000,0x00000000a61160d8,0x00000000a7600000)
 Metaspace       used 80634K, capacity 84190K, committed 86872K, reserved 1124352K
  class space    used 10118K, capacity 11069K, committed 11648K, reserved 1048576K
Event: 3528.820 GC heap after
Heap after GC invocations=77 (full 4):
 PSYoungGen      total 171008K, used 4528K [0x00000000e0000000, 0x00000000eb680000, 0x0000000100000000)
  eden space 155136K, 0% used [0x00000000e0000000,0x00000000e0000000,0x00000000e9780000)
  from space 15872K, 28% used [0x00000000e9780000,0x00000000e9bec0c0,0x00000000ea700000)
  to   space 14848K, 0% used [0x00000000ea800000,0x00000000ea800000,0x00000000eb680000)
 ParOldGen       total 120832K, used 101391K [0x00000000a0000000, 0x00000000a7600000, 0x00000000e0000000)
  object space 120832K, 83% used [0x00000000a0000000,0x00000000a6303f90,0x00000000a7600000)
 Metaspace       used 80634K, capacity 84190K, committed 86872K, reserved 1124352K
  class space    used 10118K, capacity 11069K, committed 11648K, reserved 1048576K
}
Event: 3541.749 GC heap before
{Heap before GC invocations=78 (full 4):
 PSYoungGen      total 171008K, used 159664K [0x00000000e0000000, 0x00000000eb680000, 0x0000000100000000)
  eden space 155136K, 100% used [0x00000000e0000000,0x00000000e9780000,0x00000000e9780000)
  from space 15872K, 28% used [0x00000000e9780000,0x00000000e9bec0c0,0x00000000ea700000)
  to   space 14848K, 0% used [0x00000000ea800000,0x00000000ea800000,0x00000000eb680000)
 ParOldGen       total 120832K, used 101391K [0x00000000a0000000, 0x00000000a7600000, 0x00000000e0000000)
  object space 120832K, 83% used [0x00000000a0000000,0x00000000a6303f90,0x00000000a7600000)
 Metaspace       used 80945K, capacity 84522K, committed 86872K, reserved 1124352K
  class space    used 10151K, capacity 11081K, committed 11648K, reserved 1048576K
Event: 3541.781 GC heap after
Heap after GC invocations=78 (full 4):
 PSYoungGen      total 175104K, used 6649K [0x00000000e0000000, 0x00000000ec700000, 0x0000000100000000)
  eden space 160256K, 0% used [0x00000000e0000000,0x00000000e0000000,0x00000000e9c80000)
  from space 14848K, 44% used [0x00000000ea800000,0x00000000eae7e688,0x00000000eb680000)
  to   space 11776K, 0% used [0x00000000e9c80000,0x00000000e9c80000,0x00000000ea800000)
 ParOldGen       total 120832K, used 103295K [0x00000000a0000000, 0x00000000a7600000, 0x00000000e0000000)
  object space 120832K, 85% used [0x00000000a0000000,0x00000000a64dffa0,0x00000000a7600000)
 Metaspace       used 80945K, capacity 84522K, committed 86872K, reserved 1124352K
  class space    used 10151K, capacity 11081K, committed 11648K, reserved 1048576K
}

