# JRE version: OpenJDK Runtime Environment (8.0_152-b01) (build 1.8.0_152-release-915-b01)
# Java VM: OpenJDK 64-Bit Server VM (25.152-b01 mixed mode windows-amd64 compressed oops)
Heap:
 PSYoungGen      total 101888K, used 24259K [0x00000000e0000000, 0x00000000e7080000, 0x0000000100000000)
  eden space 90624K, 24% used [0x00000000e0000000,0x00000000e1614438,0x00000000e5880000)
  from space 11264K, 14% used [0x00000000e6480000,0x00000000e661c970,0x00000000e6f80000)
  to   space 12288K, 0% used [0x00000000e5880000,0x00000000e5880000,0x00000000e6480000)
 ParOldGen       total 89600K, used 44893K [0x00000000a0000000, 0x00000000a5780000, 0x00000000e0000000)
  object space 89600K, 50% used [0x00000000a0000000,0x00000000a2bd75f0,0x00000000a5780000)
 Metaspace       used 56122K, capacity 58274K, committed 58584K, reserved 1099776K
  class space    used 7753K, capacity 8372K, committed 8448K, reserved 1048576K
GC Heap History (10 events):
Event: 63.195 GC heap before
{Heap before GC invocations=21 (full 2):
 PSYoungGen      total 71168K, used 71148K [0x00000000e0000000, 0x00000000e5200000, 0x0000000100000000)
  eden space 65536K, 100% used [0x00000000e0000000,0x00000000e4000000,0x00000000e4000000)
  from space 5632K, 99% used [0x00000000e4800000,0x00000000e4d7b2f0,0x00000000e4d80000)
  to   space 8192K, 0% used [0x00000000e4000000,0x00000000e4000000,0x00000000e4800000)
 ParOldGen       total 45056K, used 20543K [0x00000000a0000000, 0x00000000a2c00000, 0x00000000e0000000)
  object space 45056K, 45% used [0x00000000a0000000,0x00000000a140fe10,0x00000000a2c00000)
 Metaspace       used 47796K, capacity 48938K, committed 49112K, reserved 1091584K
  class space    used 6429K, capacity 6827K, committed 6912K, reserved 1048576K
Event: 63.221 GC heap after
Heap after GC invocations=21 (full 2):
 PSYoungGen      total 73728K, used 5916K [0x00000000e0000000, 0x00000000e5d00000, 0x0000000100000000)
  eden space 65536K, 0% used [0x00000000e0000000,0x00000000e0000000,0x00000000e4000000)
  from space 8192K, 72% used [0x00000000e4000000,0x00000000e45c73f0,0x00000000e4800000)
  to   space 8704K, 0% used [0x00000000e5480000,0x00000000e5480000,0x00000000e5d00000)
 ParOldGen       total 45056K, used 26172K [0x00000000a0000000, 0x00000000a2c00000, 0x00000000e0000000)
  object space 45056K, 58% used [0x00000000a0000000,0x00000000a198f358,0x00000000a2c00000)
 Metaspace       used 47796K, capacity 48938K, committed 49112K, reserved 1091584K
  class space    used 6429K, capacity 6827K, committed 6912K, reserved 1048576K
}
Event: 68.272 GC heap before
{Heap before GC invocations=22 (full 2):
 PSYoungGen      total 73728K, used 71452K [0x00000000e0000000, 0x00000000e5d00000, 0x0000000100000000)
  eden space 65536K, 100% used [0x00000000e0000000,0x00000000e4000000,0x00000000e4000000)
  from space 8192K, 72% used [0x00000000e4000000,0x00000000e45c73f0,0x00000000e4800000)
  to   space 8704K, 0% used [0x00000000e5480000,0x00000000e5480000,0x00000000e5d00000)
 ParOldGen       total 45056K, used 26172K [0x00000000a0000000, 0x00000000a2c00000, 0x00000000e0000000)
  object space 45056K, 58% used [0x00000000a0000000,0x00000000a198f358,0x00000000a2c00000)
 Metaspace       used 52621K, capacity 54350K, committed 54488K, reserved 1095680K
  class space    used 7181K, capacity 7674K, committed 7680K, reserved 1048576K
Event: 68.328 GC heap after
Heap after GC invocations=22 (full 2):
 PSYoungGen      total 84480K, used 8673K [0x00000000e0000000, 0x00000000e6100000, 0x0000000100000000)
  eden space 75776K, 0% used [0x00000000e0000000,0x00000000e0000000,0x00000000e4a00000)
  from space 8704K, 99% used [0x00000000e5480000,0x00000000e5cf8458,0x00000000e5d00000)
  to   space 10752K, 0% used [0x00000000e4a00000,0x00000000e4a00000,0x00000000e5480000)
 ParOldGen       total 45056K, used 28402K [0x00000000a0000000, 0x00000000a2c00000, 0x00000000e0000000)
  object space 45056K, 63% used [0x00000000a0000000,0x00000000a1bbc860,0x00000000a2c00000)
 Metaspace       used 52621K, capacity 54350K, committed 54488K, reserved 1095680K
  class space    used 7181K, capacity 7674K, committed 7680K, reserved 1048576K
}
Event: 70.242 GC heap before
{Heap before GC invocations=23 (full 2):
 PSYoungGen      total 84480K, used 84449K [0x00000000e0000000, 0x00000000e6100000, 0x0000000100000000)
  eden space 75776K, 100% used [0x00000000e0000000,0x00000000e4a00000,0x00000000e4a00000)
  from space 8704K, 99% used [0x00000000e5480000,0x00000000e5cf8458,0x00000000e5d00000)
  to   space 10752K, 0% used [0x00000000e4a00000,0x00000000e4a00000,0x00000000e5480000)
 ParOldGen       total 45056K, used 28402K [0x00000000a0000000, 0x00000000a2c00000, 0x00000000e0000000)
  object space 45056K, 63% used [0x00000000a0000000,0x00000000a1bbc860,0x00000000a2c00000)
 Metaspace       used 54331K, capacity 56144K, committed 56408K, reserved 1097728K
  class space    used 7465K, capacity 7952K, committed 8064K, reserved 1048576K
Event: 70.288 GC heap after
Heap after GC invocations=23 (full 2):
 PSYoungGen      total 86528K, used 7968K [0x00000000e0000000, 0x00000000e6f80000, 0x0000000100000000)
  eden space 75776K, 0% used [0x00000000e0000000,0x00000000e0000000,0x00000000e4a00000)
  from space 10752K, 74% used [0x00000000e4a00000,0x00000000e51c8000,0x00000000e5480000)
  to   space 11264K, 0% used [0x00000000e6480000,0x00000000e6480000,0x00000000e6f80000)
 ParOldGen       total 45056K, used 36489K [0x00000000a0000000, 0x00000000a2c00000, 0x00000000e0000000)
  object space 45056K, 80% used [0x00000000a0000000,0x00000000a23a2548,0x00000000a2c00000)
 Metaspace       used 54331K, capacity 56144K, committed 56408K, reserved 1097728K
  class space    used 7465K, capacity 7952K, committed 8064K, reserved 1048576K
}
Event: 75.416 GC heap before
{Heap before GC invocations=24 (full 2):
 PSYoungGen      total 86528K, used 83744K [0x00000000e0000000, 0x00000000e6f80000, 0x0000000100000000)
  eden space 75776K, 100% used [0x00000000e0000000,0x00000000e4a00000,0x00000000e4a00000)
  from space 10752K, 74% used [0x00000000e4a00000,0x00000000e51c8000,0x00000000e5480000)
  to   space 11264K, 0% used [0x00000000e6480000,0x00000000e6480000,0x00000000e6f80000)
 ParOldGen       total 45056K, used 36489K [0x00000000a0000000, 0x00000000a2c00000, 0x00000000e0000000)
  object space 45056K, 80% used [0x00000000a0000000,0x00000000a23a2548,0x00000000a2c00000)
 Metaspace       used 55870K, capacity 58082K, committed 58328K, reserved 1099776K
  class space    used 7737K, capacity 8372K, committed 8448K, reserved 1048576K
Event: 75.457 GC heap after
Heap after GC invocations=24 (full 2):
 PSYoungGen      total 101888K, used 9913K [0x00000000e0000000, 0x00000000e7080000, 0x0000000100000000)
  eden space 90624K, 0% used [0x00000000e0000000,0x00000000e0000000,0x00000000e5880000)
  from space 11264K, 88% used [0x00000000e6480000,0x00000000e6e2e440,0x00000000e6f80000)
  to   space 12288K, 0% used [0x00000000e5880000,0x00000000e5880000,0x00000000e6480000)
 ParOldGen       total 45056K, used 43379K [0x00000000a0000000, 0x00000000a2c00000, 0x00000000e0000000)
  object space 45056K, 96% used [0x00000000a0000000,0x00000000a2a5cd98,0x00000000a2c00000)
 Metaspace       used 55870K, capacity 58082K, committed 58328K, reserved 1099776K
  class space    used 7737K, capacity 8372K, committed 8448K, reserved 1048576K
}
Event: 75.457 GC heap before
{Heap before GC invocations=25 (full 3):
 PSYoungGen      total 101888K, used 9913K [0x00000000e0000000, 0x00000000e7080000, 0x0000000100000000)
  eden space 90624K, 0% used [0x00000000e0000000,0x00000000e0000000,0x00000000e5880000)
  from space 11264K, 88% used [0x00000000e6480000,0x00000000e6e2e440,0x00000000e6f80000)
  to   space 12288K, 0% used [0x00000000e5880000,0x00000000e5880000,0x00000000e6480000)
 ParOldGen       total 45056K, used 43379K [0x00000000a0000000, 0x00000000a2c00000, 0x00000000e0000000)
  object space 45056K, 96% used [0x00000000a0000000,0x00000000a2a5cd98,0x00000000a2c00000)
 Metaspace       used 55870K, capacity 58082K, committed 58328K, reserved 1099776K
  class space    used 7737K, capacity 8372K, committed 8448K, reserved 1048576K
Event: 76.391 GC heap after
Heap after GC invocations=25 (full 3):
 PSYoungGen      total 101888K, used 1650K [0x00000000e0000000, 0x00000000e7080000, 0x0000000100000000)
  eden space 90624K, 0% used [0x00000000e0000000,0x00000000e0000000,0x00000000e5880000)
  from space 11264K, 14% used [0x00000000e6480000,0x00000000e661c970,0x00000000e6f80000)
  to   space 12288K, 0% used [0x00000000e5880000,0x00000000e5880000,0x00000000e6480000)
 ParOldGen       total 89600K, used 44893K [0x00000000a0000000, 0x00000000a5780000, 0x00000000e0000000)
  object space 89600K, 50% used [0x00000000a0000000,0x00000000a2bd75f0,0x00000000a5780000)
 Metaspace       used 55870K, capacity 58082K, committed 58328K, reserved 1099776K
  class space    used 7737K, capacity 8372K, committed 8448K, reserved 1048576K
}

