# JRE version: OpenJDK Runtime Environment (8.0_152-b01) (build 1.8.0_152-release-915-b01)
# Java VM: OpenJDK 64-Bit Server VM (25.152-b01 mixed mode windows-amd64 compressed oops)
Heap:
 PSYoungGen      total 112640K, used 95997K [0x00000000e0000000, 0x00000000e9a00000, 0x0000000100000000)
  eden space 81920K, 98% used [0x00000000e0000000,0x00000000e4e7df08,0x00000000e5000000)
  from space 30720K, 50% used [0x00000000e5000000,0x00000000e5f41598,0x00000000e6e00000)
  to   space 30720K, 0% used [0x00000000e7c00000,0x00000000e7c00000,0x00000000e9a00000)
 ParOldGen       total 148992K, used 87104K [0x00000000a0000000, 0x00000000a9180000, 0x00000000e0000000)
  object space 148992K, 58% used [0x00000000a0000000,0x00000000a5510268,0x00000000a9180000)
 Metaspace       used 66987K, capacity 70116K, committed 70232K, reserved 1110016K
  class space    used 8958K, capacity 9782K, committed 9856K, reserved 1048576K
GC Heap History (10 events):
Event: 141.073 GC heap before
{Heap before GC invocations=35 (full 3):
 PSYoungGen      total 90112K, used 89356K [0x00000000e0000000, 0x00000000e6d80000, 0x0000000100000000)
  eden space 80384K, 99% used [0x00000000e0000000,0x00000000e4dca840,0x00000000e4e80000)
  from space 9728K, 99% used [0x00000000e4e80000,0x00000000e57f88b8,0x00000000e5800000)
  to   space 11264K, 0% used [0x00000000e6280000,0x00000000e6280000,0x00000000e6d80000)
 ParOldGen       total 90624K, used 51116K [0x00000000a0000000, 0x00000000a5880000, 0x00000000e0000000)
  object space 90624K, 56% used [0x00000000a0000000,0x00000000a31eb180,0x00000000a5880000)
 Metaspace       used 65297K, capacity 68280K, committed 68440K, reserved 1107968K
  class space    used 8759K, capacity 9590K, committed 9600K, reserved 1048576K
Event: 141.106 GC heap after
Heap after GC invocations=35 (full 3):
 PSYoungGen      total 95232K, used 11248K [0x00000000e0000000, 0x00000000e7800000, 0x0000000100000000)
  eden space 83968K, 0% used [0x00000000e0000000,0x00000000e0000000,0x00000000e5200000)
  from space 11264K, 99% used [0x00000000e6280000,0x00000000e6d7c2e0,0x00000000e6d80000)
  to   space 16896K, 0% used [0x00000000e5200000,0x00000000e5200000,0x00000000e6280000)
 ParOldGen       total 90624K, used 61873K [0x00000000a0000000, 0x00000000a5880000, 0x00000000e0000000)
  object space 90624K, 68% used [0x00000000a0000000,0x00000000a3c6c6a0,0x00000000a5880000)
 Metaspace       used 65297K, capacity 68280K, committed 68440K, reserved 1107968K
  class space    used 8759K, capacity 9590K, committed 9600K, reserved 1048576K
}
Event: 142.381 GC heap before
{Heap before GC invocations=36 (full 3):
 PSYoungGen      total 95232K, used 95216K [0x00000000e0000000, 0x00000000e7800000, 0x0000000100000000)
  eden space 83968K, 100% used [0x00000000e0000000,0x00000000e5200000,0x00000000e5200000)
  from space 11264K, 99% used [0x00000000e6280000,0x00000000e6d7c2e0,0x00000000e6d80000)
  to   space 16896K, 0% used [0x00000000e5200000,0x00000000e5200000,0x00000000e6280000)
 ParOldGen       total 90624K, used 61873K [0x00000000a0000000, 0x00000000a5880000, 0x00000000e0000000)
  object space 90624K, 68% used [0x00000000a0000000,0x00000000a3c6c6a0,0x00000000a5880000)
 Metaspace       used 65911K, capacity 68920K, committed 69080K, reserved 1107968K
  class space    used 8825K, capacity 9654K, committed 9728K, reserved 1048576K
Event: 142.413 GC heap after
Heap after GC invocations=36 (full 3):
 PSYoungGen      total 100864K, used 15540K [0x00000000e0000000, 0x00000000e8080000, 0x0000000100000000)
  eden space 83968K, 0% used [0x00000000e0000000,0x00000000e0000000,0x00000000e5200000)
  from space 16896K, 91% used [0x00000000e5200000,0x00000000e612d360,0x00000000e6280000)
  to   space 18944K, 0% used [0x00000000e6e00000,0x00000000e6e00000,0x00000000e8080000)
 ParOldGen       total 90624K, used 73272K [0x00000000a0000000, 0x00000000a5880000, 0x00000000e0000000)
  object space 90624K, 80% used [0x00000000a0000000,0x00000000a478e020,0x00000000a5880000)
 Metaspace       used 65911K, capacity 68920K, committed 69080K, reserved 1107968K
  class space    used 8825K, capacity 9654K, committed 9728K, reserved 1048576K
}
Event: 142.986 GC heap before
{Heap before GC invocations=37 (full 3):
 PSYoungGen      total 100864K, used 99508K [0x00000000e0000000, 0x00000000e8080000, 0x0000000100000000)
  eden space 83968K, 100% used [0x00000000e0000000,0x00000000e5200000,0x00000000e5200000)
  from space 16896K, 91% used [0x00000000e5200000,0x00000000e612d360,0x00000000e6280000)
  to   space 18944K, 0% used [0x00000000e6e00000,0x00000000e6e00000,0x00000000e8080000)
 ParOldGen       total 90624K, used 73272K [0x00000000a0000000, 0x00000000a5880000, 0x00000000e0000000)
  object space 90624K, 80% used [0x00000000a0000000,0x00000000a478e020,0x00000000a5880000)
 Metaspace       used 65947K, capacity 68920K, committed 69080K, reserved 1107968K
  class space    used 8826K, capacity 9654K, committed 9728K, reserved 1048576K
Event: 143.066 GC heap after
Heap after GC invocations=37 (full 3):
 PSYoungGen      total 100864K, used 18920K [0x00000000e0000000, 0x00000000e9d00000, 0x0000000100000000)
  eden space 81920K, 0% used [0x00000000e0000000,0x00000000e0000000,0x00000000e5000000)
  from space 18944K, 99% used [0x00000000e6e00000,0x00000000e807a1b8,0x00000000e8080000)
  to   space 30720K, 0% used [0x00000000e5000000,0x00000000e5000000,0x00000000e6e00000)
 ParOldGen       total 98304K, used 97373K [0x00000000a0000000, 0x00000000a6000000, 0x00000000e0000000)
  object space 98304K, 99% used [0x00000000a0000000,0x00000000a5f17750,0x00000000a6000000)
 Metaspace       used 65947K, capacity 68920K, committed 69080K, reserved 1107968K
  class space    used 8826K, capacity 9654K, committed 9728K, reserved 1048576K
}
Event: 143.066 GC heap before
{Heap before GC invocations=38 (full 4):
 PSYoungGen      total 100864K, used 18920K [0x00000000e0000000, 0x00000000e9d00000, 0x0000000100000000)
  eden space 81920K, 0% used [0x00000000e0000000,0x00000000e0000000,0x00000000e5000000)
  from space 18944K, 99% used [0x00000000e6e00000,0x00000000e807a1b8,0x00000000e8080000)
  to   space 30720K, 0% used [0x00000000e5000000,0x00000000e5000000,0x00000000e6e00000)
 ParOldGen       total 98304K, used 97373K [0x00000000a0000000, 0x00000000a6000000, 0x00000000e0000000)
  object space 98304K, 99% used [0x00000000a0000000,0x00000000a5f17750,0x00000000a6000000)
 Metaspace       used 65947K, capacity 68920K, committed 69080K, reserved 1107968K
  class space    used 8826K, capacity 9654K, committed 9728K, reserved 1048576K
Event: 143.780 GC heap after
Heap after GC invocations=38 (full 4):
 PSYoungGen      total 100864K, used 0K [0x00000000e0000000, 0x00000000e9d00000, 0x0000000100000000)
  eden space 81920K, 0% used [0x00000000e0000000,0x00000000e0000000,0x00000000e5000000)
  from space 18944K, 0% used [0x00000000e6e00000,0x00000000e6e00000,0x00000000e8080000)
  to   space 30720K, 0% used [0x00000000e5000000,0x00000000e5000000,0x00000000e6e00000)
 ParOldGen       total 148992K, used 87096K [0x00000000a0000000, 0x00000000a9180000, 0x00000000e0000000)
  object space 148992K, 58% used [0x00000000a0000000,0x00000000a550e268,0x00000000a9180000)
 Metaspace       used 65947K, capacity 68920K, committed 69080K, reserved 1107968K
  class space    used 8826K, capacity 9654K, committed 9728K, reserved 1048576K
}
Event: 150.098 GC heap before
{Heap before GC invocations=39 (full 4):
 PSYoungGen      total 100864K, used 81920K [0x00000000e0000000, 0x00000000e9d00000, 0x0000000100000000)
  eden space 81920K, 100% used [0x00000000e0000000,0x00000000e5000000,0x00000000e5000000)
  from space 18944K, 0% used [0x00000000e6e00000,0x00000000e6e00000,0x00000000e8080000)
  to   space 30720K, 0% used [0x00000000e5000000,0x00000000e5000000,0x00000000e6e00000)
 ParOldGen       total 148992K, used 87096K [0x00000000a0000000, 0x00000000a9180000, 0x00000000e0000000)
  object space 148992K, 58% used [0x00000000a0000000,0x00000000a550e268,0x00000000a9180000)
 Metaspace       used 66171K, capacity 69192K, committed 69336K, reserved 1110016K
  class space    used 8856K, capacity 9672K, committed 9728K, reserved 1048576K
Event: 150.113 GC heap after
Heap after GC invocations=39 (full 4):
 PSYoungGen      total 112640K, used 15621K [0x00000000e0000000, 0x00000000e9a00000, 0x0000000100000000)
  eden space 81920K, 0% used [0x00000000e0000000,0x00000000e0000000,0x00000000e5000000)
  from space 30720K, 50% used [0x00000000e5000000,0x00000000e5f41598,0x00000000e6e00000)
  to   space 30720K, 0% used [0x00000000e7c00000,0x00000000e7c00000,0x00000000e9a00000)
 ParOldGen       total 148992K, used 87104K [0x00000000a0000000, 0x00000000a9180000, 0x00000000e0000000)
  object space 148992K, 58% used [0x00000000a0000000,0x00000000a5510268,0x00000000a9180000)
 Metaspace       used 66171K, capacity 69192K, committed 69336K, reserved 1110016K
  class space    used 8856K, capacity 9672K, committed 9728K, reserved 1048576K
}

